<?xml version="1.0" encoding="UTF-8"?>
<coverage generated="1729665902700" clover="3.2.0">
  <project timestamp="1729665902700" name="All files">
    <metrics statements="38" coveredstatements="38" conditionals="7" coveredconditionals="6" methods="4" coveredmethods="4" elements="49" coveredelements="48" complexity="0" loc="38" ncloc="38" packages="1" files="3" classes="3"/>
    <file name="config.ts" path="/Users/jose/Documents/react-storybook-story-generator/src/config.ts">
      <metrics statements="1" coveredstatements="1" conditionals="2" coveredconditionals="2" methods="0" coveredmethods="0"/>
      <line num="3" count="4" type="stmt"/>
    </file>
    <file name="index.ts" path="/Users/jose/Documents/react-storybook-story-generator/src/index.ts">
      <metrics statements="6" coveredstatements="6" conditionals="1" coveredconditionals="1" methods="2" coveredmethods="2"/>
      <line num="1" count="2" type="stmt"/>
      <line num="8" count="2" type="stmt"/>
      <line num="10" count="10" type="cond" truecount="1" falsecount="0"/>
      <line num="11" count="5" type="stmt"/>
      <line num="14" count="5" type="stmt"/>
      <line num="17" count="17" type="stmt"/>
    </file>
    <file name="storyGenerator.ts" path="/Users/jose/Documents/react-storybook-story-generator/src/storyGenerator.ts">
      <metrics statements="31" coveredstatements="31" conditionals="4" coveredconditionals="3" methods="2" coveredmethods="2"/>
      <line num="1" count="2" type="stmt"/>
      <line num="2" count="2" type="stmt"/>
      <line num="3" count="2" type="stmt"/>
      <line num="4" count="2" type="stmt"/>
      <line num="7" count="2" type="stmt"/>
      <line num="10" count="10" type="stmt"/>
      <line num="12" count="10" type="stmt"/>
      <line num="14" count="10" type="stmt"/>
      <line num="16" count="10" type="stmt"/>
      <line num="17" count="19" type="cond" truecount="1" falsecount="0"/>
      <line num="18" count="19" type="stmt"/>
      <line num="19" count="19" type="stmt"/>
      <line num="20" count="19" type="stmt"/>
      <line num="21" count="19" type="stmt"/>
      <line num="29" count="19" type="stmt"/>
      <line num="31" count="19" type="stmt"/>
      <line num="36" count="19" type="stmt"/>
      <line num="37" count="19" type="stmt"/>
      <line num="38" count="19" type="stmt"/>
      <line num="50" count="19" type="stmt"/>
      <line num="52" count="19" type="stmt"/>
      <line num="58" count="19" type="stmt"/>
      <line num="59" count="19" type="stmt"/>
      <line num="65" count="17" type="cond" truecount="2" falsecount="0"/>
      <line num="66" count="15" type="stmt"/>
      <line num="67" count="15" type="stmt"/>
      <line num="68" count="15" type="stmt"/>
      <line num="70" count="15" type="stmt"/>
      <line num="72" count="15" type="stmt"/>
      <line num="74" count="4" type="stmt"/>
      <line num="75" count="4" type="stmt"/>
    </file>
  </project>
</coverage>
