{"/Users/jose/Documents/react-storybook-story-generator/src/config.ts": {"path":"/Users/jose/Documents/react-storybook-story-generator/src/config.ts","statementMap":{"0":{"start":{"line":3,"column":13},"end":{"line":31,"column":2}}},"fnMap":{},"branchMap":{"0":{"loc":{"start":{"line":4,"column":16},"end":{"line":4,"column":48}},"type":"binary-expr","locations":[{"start":{"line":4,"column":16},"end":{"line":4,"column":42}},{"start":{"line":4,"column":46},"end":{"line":4,"column":48}}]}},"s":{"0":4},"f":{},"b":{"0":[4,4]}}
,"/Users/jose/Documents/react-storybook-story-generator/src/index.ts": {"path":"/Users/jose/Documents/react-storybook-story-generator/src/index.ts","statementMap":{"0":{"start":{"line":1,"column":0},"end":{"line":1,"column":78}},"1":{"start":{"line":10,"column":2},"end":{"line":12,"column":null}},"2":{"start":{"line":11,"column":4},"end":{"line":11,"column":50}},"3":{"start":{"line":14,"column":2},"end":{"line":14,"column":41}},"4":{"start":{"line":8,"column":0},"end":{"line":8,"column":16}},"5":{"start":{"line":17,"column":0},"end":{"line":17,"column":9}},"6":{"start":{"line":17,"column":9},"end":{"line":17,"column":41}}},"fnMap":{"0":{"name":"generateStories","decl":{"start":{"line":8,"column":16},"end":{"line":8,"column":31}},"loc":{"start":{"line":8,"column":57},"end":{"line":15,"column":1}}},"1":{"name":"(anonymous_1)","decl":{"start":{"line":17,"column":9},"end":{"line":17,"column":22}},"loc":{"start":{"line":17,"column":9},"end":{"line":17,"column":41}}}},"branchMap":{"0":{"loc":{"start":{"line":10,"column":2},"end":{"line":12,"column":null}},"type":"if","locations":[{"start":{"line":10,"column":2},"end":{"line":12,"column":null}}]}},"s":{"0":2,"1":10,"2":5,"3":5,"4":2,"5":2,"6":17},"f":{"0":10,"1":15},"b":{"0":[5]}}
,"/Users/jose/Documents/react-storybook-story-generator/src/storyGenerator.ts": {"path":"/Users/jose/Documents/react-storybook-story-generator/src/storyGenerator.ts","statementMap":{"0":{"start":{"line":1,"column":0},"end":{"line":1,"column":20}},"1":{"start":{"line":2,"column":0},"end":{"line":2,"column":24}},"2":{"start":{"line":3,"column":0},"end":{"line":3,"column":32}},"3":{"start":{"line":4,"column":0},"end":{"line":4,"column":41}},"4":{"start":{"line":10,"column":25},"end":{"line":10,"column":60}},"5":{"start":{"line":12,"column":17},"end":{"line":12,"column":60}},"6":{"start":{"line":14,"column":26},"end":{"line":14,"column":67}},"7":{"start":{"line":16,"column":2},"end":{"line":40,"column":null}},"8":{"start":{"line":17,"column":4},"end":{"line":39,"column":null}},"9":{"start":{"line":18,"column":36},"end":{"line":18,"column":63}},"10":{"start":{"line":19,"column":36},"end":{"line":19,"column":78}},"11":{"start":{"line":20,"column":39},"end":{"line":20,"column":77}},"12":{"start":{"line":21,"column":35},"end":{"line":26,"column":null}},"13":{"start":{"line":29,"column":6},"end":{"line":29,"column":68}},"14":{"start":{"line":31,"column":32},"end":{"line":33,"column":null}},"15":{"start":{"line":36,"column":6},"end":{"line":36,"column":65}},"16":{"start":{"line":37,"column":6},"end":{"line":37,"column":48}},"17":{"start":{"line":38,"column":6},"end":{"line":38,"column":58}},"18":{"start":{"line":7,"column":0},"end":{"line":7,"column":7}},"19":{"start":{"line":50,"column":2},"end":{"line":50,"column":52}},"20":{"start":{"line":52,"column":25},"end":{"line":56,"column":79}},"21":{"start":{"line":58,"column":2},"end":{"line":76,"column":null}},"22":{"start":{"line":59,"column":21},"end":{"line":63,"column":6}},"23":{"start":{"line":65,"column":23},"end":{"line":65,"column":73}},"24":{"start":{"line":66,"column":4},"end":{"line":66,"column":65}},"25":{"start":{"line":67,"column":4},"end":{"line":67,"column":55}},"26":{"start":{"line":68,"column":4},"end":{"line":68,"column":55}},"27":{"start":{"line":70,"column":26},"end":{"line":70,"column":60}},"28":{"start":{"line":72,"column":4},"end":{"line":72,"column":49}},"29":{"start":{"line":74,"column":4},"end":{"line":74,"column":73}},"30":{"start":{"line":75,"column":4},"end":{"line":75,"column":60}}},"fnMap":{"0":{"name":"generateStories","decl":{"start":{"line":7,"column":22},"end":{"line":7,"column":37}},"loc":{"start":{"line":8,"column":34},"end":{"line":41,"column":1}}},"1":{"name":"createStoryForComponent","decl":{"start":{"line":43,"column":15},"end":{"line":43,"column":38}},"loc":{"start":{"line":48,"column":18},"end":{"line":77,"column":1}}}},"branchMap":{"0":{"loc":{"start":{"line":8,"column":2},"end":{"line":8,"column":34}},"type":"default-arg","locations":[{"start":{"line":8,"column":32},"end":{"line":8,"column":34}}]},"1":{"loc":{"start":{"line":17,"column":4},"end":{"line":39,"column":null}},"type":"if","locations":[{"start":{"line":17,"column":4},"end":{"line":39,"column":null}}]},"2":{"loc":{"start":{"line":65,"column":23},"end":{"line":65,"column":73}},"type":"binary-expr","locations":[{"start":{"line":65,"column":23},"end":{"line":65,"column":67}},{"start":{"line":65,"column":71},"end":{"line":65,"column":73}}]}},"s":{"0":2,"1":2,"2":2,"3":2,"4":10,"5":10,"6":10,"7":10,"8":19,"9":19,"10":19,"11":19,"12":19,"13":19,"14":19,"15":19,"16":19,"17":19,"18":2,"19":19,"20":19,"21":19,"22":19,"23":17,"24":15,"25":15,"26":15,"27":15,"28":15,"29":4,"30":4},"f":{"0":10,"1":19},"b":{"0":[0],"1":[19],"2":[17,4]}}
}
