TN:
SF:src/config.ts
FNF:0
FNH:0
DA:3,4
LF:1
LH:1
BRDA:4,0,0,4
BRDA:4,0,1,4
BRF:2
BRH:2
end_of_record
TN:
SF:src/index.ts
FN:8,generateStories
FN:17,(anonymous_1)
FNF:2
FNH:2
FNDA:10,generateStories
FNDA:15,(anonymous_1)
DA:1,2
DA:8,2
DA:10,10
DA:11,5
DA:14,5
DA:17,17
LF:6
LH:6
BRDA:10,0,0,5
BRF:1
BRH:1
end_of_record
TN:
SF:src/storyGenerator.ts
FN:7,generateStories
FN:43,createStoryForComponent
FNF:2
FNH:2
FNDA:10,generateStories
FNDA:19,createStoryForComponent
DA:1,2
DA:2,2
DA:3,2
DA:4,2
DA:7,2
DA:10,10
DA:12,10
DA:14,10
DA:16,10
DA:17,19
DA:18,19
DA:19,19
DA:20,19
DA:21,19
DA:29,19
DA:31,19
DA:36,19
DA:37,19
DA:38,19
DA:50,19
DA:52,19
DA:58,19
DA:59,19
DA:65,17
DA:66,15
DA:67,15
DA:68,15
DA:70,15
DA:72,15
DA:74,4
DA:75,4
LF:31
LH:31
BRDA:8,0,0,0
BRDA:17,1,0,19
BRDA:65,2,0,17
BRDA:65,2,1,4
BRF:4
BRH:3
end_of_record
